2022-12-02 10:25:59,300 [Worker-7: Loading available Gradle versions] INFO  o.e.b.c.i.u.g.PublishedGradleVersions - Gradle version information cache is up-to-date. Trying to read.
2023-01-13 15:28:12,187 [Worker-1: Loading available Gradle versions] INFO  o.e.b.c.i.u.g.PublishedGradleVersions - Gradle version information cache is up-to-date. Trying to read.
2023-01-13 15:28:42,719 [Worker-6: Loading available Gradle versions] INFO  o.e.b.c.i.u.g.PublishedGradleVersions - Gradle version information cache is up-to-date. Trying to read.
2023-01-13 15:28:56,279 [Worker-6: Loading available Gradle versions] INFO  o.e.b.c.i.u.g.PublishedGradleVersions - Gradle version information cache is up-to-date. Trying to read.
2023-01-13 15:29:57,372 [Worker-6: Loading available Gradle versions] INFO  o.e.b.c.i.u.g.PublishedGradleVersions - Gradle version information cache is up-to-date. Trying to read.
2023-01-13 15:31:51,247 [Worker-7: Loading available Gradle versions] INFO  o.e.b.c.i.u.g.PublishedGradleVersions - Gradle version information cache is up-to-date. Trying to read.
2023-01-13 15:33:09,314 [main] INFO  o.e.m2e.actions.ExecutePomAction - Creating new launch configuration
2023-01-13 15:33:16,801 [Worker-26: Launching Project] INFO  o.e.m.i.launch.MavenLaunchDelegate - C:\Users\Cenzo Oh\JavaSparkCourse\Practicals\Starting Workspace\Project\Project
2023-01-13 15:33:16,802 [Worker-26: Launching Project] INFO  o.e.m.i.launch.MavenLaunchDelegate -  mvn -B eclipse:eclipse
2023-01-18 09:12:32,723 [Worker-0: Loading available Gradle versions] INFO  o.e.b.c.i.u.g.PublishedGradleVersions - Gradle version information cache is out-of-date. Trying to update.
2023-01-20 08:56:17,924 [Worker-4: Loading available Gradle versions] INFO  o.e.b.c.i.u.g.PublishedGradleVersions - Gradle version information cache is out-of-date. Trying to update.
2023-01-23 09:05:52,286 [Worker-5: Loading available Gradle versions] INFO  o.e.b.c.i.u.g.PublishedGradleVersions - Gradle version information cache is out-of-date. Trying to update.
2023-01-25 09:08:01,583 [Worker-3: Loading available Gradle versions] INFO  o.e.b.c.i.u.g.PublishedGradleVersions - Gradle version information cache is out-of-date. Trying to update.
2023-01-27 09:04:20,135 [Worker-5: Loading available Gradle versions] INFO  o.e.b.c.i.u.g.PublishedGradleVersions - Gradle version information cache is out-of-date. Trying to update.
2023-01-27 16:26:00,539 [Worker-1: Loading available Gradle versions] INFO  o.e.b.c.i.u.g.PublishedGradleVersions - Gradle version information cache is up-to-date. Trying to read.
2023-01-30 09:11:07,255 [Worker-4: Loading available Gradle versions] INFO  o.e.b.c.i.u.g.PublishedGradleVersions - Gradle version information cache is out-of-date. Trying to update.
2023-02-01 10:13:30,034 [Worker-5: Loading available Gradle versions] INFO  o.e.b.c.i.u.g.PublishedGradleVersions - Gradle version information cache is out-of-date. Trying to update.
2023-02-01 11:40:29,590 [Worker-6: Loading available Gradle versions] INFO  o.e.b.c.i.u.g.PublishedGradleVersions - Gradle version information cache is up-to-date. Trying to read.
2023-02-01 16:37:46,954 [Worker-5: Loading available Gradle versions] INFO  o.e.b.c.i.u.g.PublishedGradleVersions - Gradle version information cache is up-to-date. Trying to read.
2023-02-01 16:59:11,150 [Worker-41: reload maven project] INFO  o.e.m.c.i.e.AbstractTransferListenerAdapter - Downloaded https://repo.maven.apache.org/maven2/org/apache/spark/spark-core_2.10/2.3.2/spark-core_2.10-2.3.2.pom
2023-02-01 16:59:11,152 [Worker-41: reload maven project] WARN  o.e.m.c.i.embedder.EclipseLogger - The POM for org.apache.spark:spark-core_2.10:jar:2.3.2 is missing, no dependency information available
2023-02-01 16:59:11,209 [Worker-41: reload maven project] INFO  o.e.m.c.i.e.AbstractTransferListenerAdapter - Downloaded https://repo.maven.apache.org/maven2/org/apache/spark/spark-sql_2.10/2.3.2/spark-sql_2.10-2.3.2.pom
2023-02-01 16:59:11,210 [Worker-41: reload maven project] WARN  o.e.m.c.i.embedder.EclipseLogger - The POM for org.apache.spark:spark-sql_2.10:jar:2.3.2 is missing, no dependency information available
2023-02-01 16:59:11,292 [AetherRepositoryConnector-repo.maven.apache.org-0-0] INFO  o.e.m.c.i.e.AbstractTransferListenerAdapter - Downloaded https://repo.maven.apache.org/maven2/org/apache/spark/spark-core_2.10/2.3.2/spark-core_2.10-2.3.2.jar
2023-02-01 16:59:11,322 [AetherRepositoryConnector-repo.maven.apache.org-0-1] INFO  o.e.m.c.i.e.AbstractTransferListenerAdapter - Downloaded https://repo.maven.apache.org/maven2/org/apache/spark/spark-sql_2.10/2.3.2/spark-sql_2.10-2.3.2.jar
2023-02-01 16:59:11,329 [Worker-41: reload maven project] WARN  o.e.m.c.i.embedder.EclipseLogger - The POM for org.apache.spark:spark-core_2.10:jar:2.3.2 is missing, no dependency information available
2023-02-01 16:59:11,330 [Worker-41: reload maven project] WARN  o.e.m.c.i.embedder.EclipseLogger - The POM for org.apache.spark:spark-sql_2.10:jar:2.3.2 is missing, no dependency information available
2023-02-01 16:59:16,997 [Worker-38: reload maven project] INFO  o.e.m.c.i.e.AbstractTransferListenerAdapter - Downloading https://repo.maven.apache.org/maven2/org/apache/spark/spark-core_2.11/2.3.2/spark-core_2.11-2.3.2.pom
2023-02-01 16:59:17,067 [Worker-38: reload maven project] INFO  o.e.m.c.i.e.AbstractTransferListenerAdapter - Downloaded https://repo.maven.apache.org/maven2/org/apache/spark/spark-core_2.11/2.3.2/spark-core_2.11-2.3.2.pom
2023-02-01 16:59:17,117 [Worker-38: reload maven project] INFO  o.e.m.c.i.e.AbstractTransferListenerAdapter - Downloading https://repo.maven.apache.org/maven2/org/apache/spark/spark-parent_2.11/2.3.2/spark-parent_2.11-2.3.2.pom
2023-02-01 16:59:17,195 [Worker-38: reload maven project] INFO  o.e.m.c.i.e.AbstractTransferListenerAdapter - Downloaded https://repo.maven.apache.org/maven2/org/apache/spark/spark-parent_2.11/2.3.2/spark-parent_2.11-2.3.2.pom
2023-02-01 16:59:17,983 [Worker-38: reload maven project] INFO  o.e.m.c.i.e.AbstractTransferListenerAdapter - Downloading https://repo.maven.apache.org/maven2/org/apache/spark/spark-launcher_2.11/2.3.2/spark-launcher_2.11-2.3.2.pom
2023-02-01 16:59:18,028 [Worker-38: reload maven project] INFO  o.e.m.c.i.e.AbstractTransferListenerAdapter - Downloaded https://repo.maven.apache.org/maven2/org/apache/spark/spark-launcher_2.11/2.3.2/spark-launcher_2.11-2.3.2.pom
2023-02-01 16:59:18,065 [Worker-38: reload maven project] INFO  o.e.m.c.i.e.AbstractTransferListenerAdapter - Downloading https://repo.maven.apache.org/maven2/org/apache/spark/spark-tags_2.11/2.3.2/spark-tags_2.11-2.3.2.pom
2023-02-01 16:59:18,112 [Worker-38: reload maven project] INFO  o.e.m.c.i.e.AbstractTransferListenerAdapter - Downloaded https://repo.maven.apache.org/maven2/org/apache/spark/spark-tags_2.11/2.3.2/spark-tags_2.11-2.3.2.pom
2023-02-01 16:59:18,152 [Worker-38: reload maven project] INFO  o.e.m.c.i.e.AbstractTransferListenerAdapter - Downloading https://repo.maven.apache.org/maven2/org/apache/spark/spark-kvstore_2.11/2.3.2/spark-kvstore_2.11-2.3.2.pom
2023-02-01 16:59:18,199 [Worker-38: reload maven project] INFO  o.e.m.c.i.e.AbstractTransferListenerAdapter - Downloaded https://repo.maven.apache.org/maven2/org/apache/spark/spark-kvstore_2.11/2.3.2/spark-kvstore_2.11-2.3.2.pom
2023-02-01 16:59:18,270 [Worker-38: reload maven project] INFO  o.e.m.c.i.e.AbstractTransferListenerAdapter - Downloading https://repo.maven.apache.org/maven2/org/apache/spark/spark-network-common_2.11/2.3.2/spark-network-common_2.11-2.3.2.pom
2023-02-01 16:59:18,315 [Worker-38: reload maven project] INFO  o.e.m.c.i.e.AbstractTransferListenerAdapter - Downloaded https://repo.maven.apache.org/maven2/org/apache/spark/spark-network-common_2.11/2.3.2/spark-network-common_2.11-2.3.2.pom
2023-02-01 16:59:18,449 [Worker-38: reload maven project] INFO  o.e.m.c.i.e.AbstractTransferListenerAdapter - Downloading https://repo.maven.apache.org/maven2/org/apache/spark/spark-network-shuffle_2.11/2.3.2/spark-network-shuffle_2.11-2.3.2.pom
2023-02-01 16:59:18,521 [Worker-38: reload maven project] INFO  o.e.m.c.i.e.AbstractTransferListenerAdapter - Downloaded https://repo.maven.apache.org/maven2/org/apache/spark/spark-network-shuffle_2.11/2.3.2/spark-network-shuffle_2.11-2.3.2.pom
2023-02-01 16:59:18,567 [Worker-38: reload maven project] INFO  o.e.m.c.i.e.AbstractTransferListenerAdapter - Downloading https://repo.maven.apache.org/maven2/org/apache/spark/spark-unsafe_2.11/2.3.2/spark-unsafe_2.11-2.3.2.pom
2023-02-01 16:59:18,615 [Worker-38: reload maven project] INFO  o.e.m.c.i.e.AbstractTransferListenerAdapter - Downloaded https://repo.maven.apache.org/maven2/org/apache/spark/spark-unsafe_2.11/2.3.2/spark-unsafe_2.11-2.3.2.pom
2023-02-01 16:59:18,843 [Worker-38: reload maven project] WARN  o.e.m.c.i.embedder.EclipseLogger - The POM for commons-codec:commons-codec:jar:1.15-SNAPSHOT is missing, no dependency information available
2023-02-01 16:59:19,296 [Worker-38: reload maven project] INFO  o.e.m.c.i.e.AbstractTransferListenerAdapter - Downloading https://repo.maven.apache.org/maven2/org/apache/spark/spark-sql_2.11/2.3.2/spark-sql_2.11-2.3.2.pom
2023-02-01 16:59:19,337 [Worker-38: reload maven project] INFO  o.e.m.c.i.e.AbstractTransferListenerAdapter - Downloaded https://repo.maven.apache.org/maven2/org/apache/spark/spark-sql_2.11/2.3.2/spark-sql_2.11-2.3.2.pom
2023-02-01 16:59:19,383 [Worker-38: reload maven project] INFO  o.e.m.c.i.e.AbstractTransferListenerAdapter - Downloading https://repo.maven.apache.org/maven2/org/apache/spark/spark-sketch_2.11/2.3.2/spark-sketch_2.11-2.3.2.pom
2023-02-01 16:59:19,424 [Worker-38: reload maven project] INFO  o.e.m.c.i.e.AbstractTransferListenerAdapter - Downloaded https://repo.maven.apache.org/maven2/org/apache/spark/spark-sketch_2.11/2.3.2/spark-sketch_2.11-2.3.2.pom
2023-02-01 16:59:19,466 [Worker-38: reload maven project] INFO  o.e.m.c.i.e.AbstractTransferListenerAdapter - Downloading https://repo.maven.apache.org/maven2/org/apache/spark/spark-catalyst_2.11/2.3.2/spark-catalyst_2.11-2.3.2.pom
2023-02-01 16:59:19,511 [Worker-38: reload maven project] INFO  o.e.m.c.i.e.AbstractTransferListenerAdapter - Downloaded https://repo.maven.apache.org/maven2/org/apache/spark/spark-catalyst_2.11/2.3.2/spark-catalyst_2.11-2.3.2.pom
2023-02-01 16:59:19,897 [AetherRepositoryConnector-repo.maven.apache.org-1-0] INFO  o.e.m.c.i.e.AbstractTransferListenerAdapter - Downloading https://repo.maven.apache.org/maven2/org/apache/spark/spark-core_2.11/2.3.2/spark-core_2.11-2.3.2.jar
2023-02-01 16:59:19,930 [AetherRepositoryConnector-repo.maven.apache.org-1-1] INFO  o.e.m.c.i.e.AbstractTransferListenerAdapter - Downloading https://repo.maven.apache.org/maven2/org/apache/spark/spark-launcher_2.11/2.3.2/spark-launcher_2.11-2.3.2.jar
2023-02-01 16:59:19,946 [AetherRepositoryConnector-repo.maven.apache.org-1-4] INFO  o.e.m.c.i.e.AbstractTransferListenerAdapter - Downloading https://repo.maven.apache.org/maven2/org/apache/spark/spark-network-shuffle_2.11/2.3.2/spark-network-shuffle_2.11-2.3.2.jar
2023-02-01 16:59:19,959 [AetherRepositoryConnector-repo.maven.apache.org-1-2] INFO  o.e.m.c.i.e.AbstractTransferListenerAdapter - Downloading https://repo.maven.apache.org/maven2/org/apache/spark/spark-kvstore_2.11/2.3.2/spark-kvstore_2.11-2.3.2.jar
2023-02-01 16:59:19,969 [AetherRepositoryConnector-repo.maven.apache.org-1-3] INFO  o.e.m.c.i.e.AbstractTransferListenerAdapter - Downloading https://repo.maven.apache.org/maven2/org/apache/spark/spark-network-common_2.11/2.3.2/spark-network-common_2.11-2.3.2.jar
2023-02-01 16:59:20,051 [AetherRepositoryConnector-repo.maven.apache.org-1-1] INFO  o.e.m.c.i.e.AbstractTransferListenerAdapter - Downloaded https://repo.maven.apache.org/maven2/org/apache/spark/spark-launcher_2.11/2.3.2/spark-launcher_2.11-2.3.2.jar
2023-02-01 16:59:20,066 [AetherRepositoryConnector-repo.maven.apache.org-1-4] INFO  o.e.m.c.i.e.AbstractTransferListenerAdapter - Downloaded https://repo.maven.apache.org/maven2/org/apache/spark/spark-network-shuffle_2.11/2.3.2/spark-network-shuffle_2.11-2.3.2.jar
2023-02-01 16:59:20,076 [AetherRepositoryConnector-repo.maven.apache.org-1-2] INFO  o.e.m.c.i.e.AbstractTransferListenerAdapter - Downloaded https://repo.maven.apache.org/maven2/org/apache/spark/spark-kvstore_2.11/2.3.2/spark-kvstore_2.11-2.3.2.jar
2023-02-01 16:59:20,126 [AetherRepositoryConnector-repo.maven.apache.org-1-1] INFO  o.e.m.c.i.e.AbstractTransferListenerAdapter - Downloading https://repo.maven.apache.org/maven2/org/apache/spark/spark-unsafe_2.11/2.3.2/spark-unsafe_2.11-2.3.2.jar
2023-02-01 16:59:20,134 [AetherRepositoryConnector-repo.maven.apache.org-1-4] INFO  o.e.m.c.i.e.AbstractTransferListenerAdapter - Downloading https://repo.maven.apache.org/maven2/org/apache/spark/spark-tags_2.11/2.3.2/spark-tags_2.11-2.3.2.jar
2023-02-01 16:59:20,145 [AetherRepositoryConnector-repo.maven.apache.org-1-2] INFO  o.e.m.c.i.e.AbstractTransferListenerAdapter - Downloading https://repo.maven.apache.org/maven2/org/apache/spark/spark-sql_2.11/2.3.2/spark-sql_2.11-2.3.2.jar
2023-02-01 16:59:20,289 [AetherRepositoryConnector-repo.maven.apache.org-1-4] INFO  o.e.m.c.i.e.AbstractTransferListenerAdapter - Downloaded https://repo.maven.apache.org/maven2/org/apache/spark/spark-tags_2.11/2.3.2/spark-tags_2.11-2.3.2.jar
2023-02-01 16:59:20,321 [AetherRepositoryConnector-repo.maven.apache.org-1-1] INFO  o.e.m.c.i.e.AbstractTransferListenerAdapter - Downloaded https://repo.maven.apache.org/maven2/org/apache/spark/spark-unsafe_2.11/2.3.2/spark-unsafe_2.11-2.3.2.jar
2023-02-01 16:59:20,363 [AetherRepositoryConnector-repo.maven.apache.org-1-3] INFO  o.e.m.c.i.e.AbstractTransferListenerAdapter - Downloaded https://repo.maven.apache.org/maven2/org/apache/spark/spark-network-common_2.11/2.3.2/spark-network-common_2.11-2.3.2.jar
2023-02-01 16:59:20,364 [AetherRepositoryConnector-repo.maven.apache.org-1-4] INFO  o.e.m.c.i.e.AbstractTransferListenerAdapter - Downloading https://repo.maven.apache.org/maven2/org/apache/spark/spark-sketch_2.11/2.3.2/spark-sketch_2.11-2.3.2.jar
2023-02-01 16:59:20,391 [AetherRepositoryConnector-repo.maven.apache.org-1-1] INFO  o.e.m.c.i.e.AbstractTransferListenerAdapter - Downloading https://repo.maven.apache.org/maven2/org/apache/spark/spark-catalyst_2.11/2.3.2/spark-catalyst_2.11-2.3.2.jar
2023-02-01 16:59:20,546 [AetherRepositoryConnector-repo.maven.apache.org-1-4] INFO  o.e.m.c.i.e.AbstractTransferListenerAdapter - Downloaded https://repo.maven.apache.org/maven2/org/apache/spark/spark-sketch_2.11/2.3.2/spark-sketch_2.11-2.3.2.jar
2023-02-01 16:59:20,974 [AetherRepositoryConnector-repo.maven.apache.org-1-2] INFO  o.e.m.c.i.e.AbstractTransferListenerAdapter - Downloaded https://repo.maven.apache.org/maven2/org/apache/spark/spark-sql_2.11/2.3.2/spark-sql_2.11-2.3.2.jar
2023-02-01 16:59:21,036 [AetherRepositoryConnector-repo.maven.apache.org-1-1] INFO  o.e.m.c.i.e.AbstractTransferListenerAdapter - Downloaded https://repo.maven.apache.org/maven2/org/apache/spark/spark-catalyst_2.11/2.3.2/spark-catalyst_2.11-2.3.2.jar
2023-02-01 16:59:21,069 [AetherRepositoryConnector-repo.maven.apache.org-1-0] INFO  o.e.m.c.i.e.AbstractTransferListenerAdapter - Downloaded https://repo.maven.apache.org/maven2/org/apache/spark/spark-core_2.11/2.3.2/spark-core_2.11-2.3.2.jar
2023-02-01 16:59:21,618 [Worker-38: reload maven project] WARN  o.e.m.c.i.embedder.EclipseLogger - The POM for commons-codec:commons-codec:jar:1.15-SNAPSHOT is missing, no dependency information available
2023-02-01 17:25:34,896 [ModalContext] ERROR o.e.m.c.u.i.wizards.MavenPomWizard - Unable to create POM C:\Users\Cenzo Oh\JavaSparkCourse\Practicals\Starting Workspace\Project\Project\pom.xml; Can't create model C:/Users/Cenzo Oh/JavaSparkCourse/Practicals/Starting Workspace/Project/Project/pom.xml; org.eclipse.core.internal.resources.ResourceException: A resource exists with a different case: '/Project/Pom.xml'.
org.eclipse.core.runtime.CoreException: Can't create model C:/Users/Cenzo Oh/JavaSparkCourse/Practicals/Starting Workspace/Project/Project/pom.xml; org.eclipse.core.internal.resources.ResourceException: A resource exists with a different case: '/Project/Pom.xml'.
	at org.eclipse.m2e.core.embedder.MavenModelManager.createMavenModel(MavenModelManager.java:158) ~[na:na]
	at org.eclipse.m2e.core.ui.internal.wizards.MavenPomWizard.doFinish(MavenPomWizard.java:145) ~[org.eclipse.m2e.core.ui_1.15.0.20200305-1308.jar:na]
	at org.eclipse.m2e.core.ui.internal.wizards.MavenPomWizard.lambda$0(MavenPomWizard.java:94) ~[org.eclipse.m2e.core.ui_1.15.0.20200305-1308.jar:na]
	at org.eclipse.jface.operation.ModalContext$ModalContextThread.run(ModalContext.java:122) ~[org.eclipse.jface_3.19.0.v20200218-1607.jar:na]
Caused by: org.eclipse.core.internal.resources.ResourceException: A resource exists with a different case: '/Project/Pom.xml'.
	at org.eclipse.core.internal.resources.Resource.checkDoesNotExist(Resource.java:318) ~[na:na]
	at org.eclipse.core.internal.resources.Resource.checkDoesNotExist(Resource.java:296) ~[na:na]
	at org.eclipse.core.internal.resources.File.create(File.java:107) ~[na:na]
	at org.eclipse.core.internal.resources.File.create(File.java:179) ~[na:na]
	at org.eclipse.m2e.core.embedder.MavenModelManager.createMavenModel(MavenModelManager.java:151) ~[na:na]
	... 3 common frames omitted
Caused by: java.lang.Exception: A resource exists with a different case: '/Project/Pom.xml'.
	at org.eclipse.core.internal.resources.ResourceException.provideStackTrace(ResourceException.java:42) ~[na:na]
	at org.eclipse.core.internal.resources.ResourceException.<init>(ResourceException.java:38) ~[na:na]
	... 8 common frames omitted
2023-02-01 17:25:34,959 [Worker-51: Enabling Maven Dependency Management] INFO  o.e.m.c.i.p.ProjectConfigurationManager - Update started
2023-02-01 17:25:34,959 [Worker-51: Enabling Maven Dependency Management] INFO  o.e.m.c.i.p.ProjectConfigurationManager - Update completed: 0 sec
2023-02-01 17:25:39,796 [Worker-43: Updating Maven Project] INFO  o.e.m.c.i.p.ProjectConfigurationManager - Update started
2023-02-01 17:25:39,831 [Worker-43: Updating Maven Project] INFO  o.e.m.c.i.p.ProjectConfigurationManager - Update completed: 0 sec
2023-02-03 09:03:52,297 [Worker-1: Loading available Gradle versions] INFO  o.e.b.c.i.u.g.PublishedGradleVersions - Gradle version information cache is out-of-date. Trying to update.
2023-02-03 14:06:10,096 [Worker-72: Launching Project] INFO  o.e.m.i.launch.MavenLaunchDelegate - C:\Users\Cenzo Oh\JavaSparkCourse\Practicals\Starting Workspace\Project\Project
2023-02-03 14:06:10,157 [Worker-72: Launching Project] INFO  o.e.m.i.launch.MavenLaunchDelegate -  mvn -B eclipse:eclipse
2023-02-03 14:06:22,959 [Worker-70: Updating Maven Project] INFO  o.e.m.c.i.p.ProjectConfigurationManager - Update started
2023-02-03 14:06:23,087 [Worker-70: Updating Maven Project] INFO  o.e.m.c.i.p.ProjectConfigurationManager - Update completed: 0 sec
2023-02-03 14:07:12,161 [Worker-71: reload maven project] WARN  o.e.m.c.i.embedder.EclipseLogger - The POM for commons-codec:commons-codec:jar:1.15-SNAPSHOT is missing, no dependency information available
2023-02-03 14:07:13,907 [Worker-71: reload maven project] WARN  o.e.m.c.i.embedder.EclipseLogger - The POM for commons-codec:commons-codec:jar:1.15-SNAPSHOT is missing, no dependency information available
2023-02-06 09:30:14,751 [Worker-1: Loading available Gradle versions] INFO  o.e.b.c.i.u.g.PublishedGradleVersions - Gradle version information cache is out-of-date. Trying to update.
2023-02-08 09:35:41,747 [Worker-3: Loading available Gradle versions] INFO  o.e.b.c.i.u.g.PublishedGradleVersions - Gradle version information cache is out-of-date. Trying to update.
2023-02-09 14:17:21,548 [Worker-5: Loading available Gradle versions] INFO  o.e.b.c.i.u.g.PublishedGradleVersions - Gradle version information cache is out-of-date. Trying to update.
2023-02-09 14:21:23,439 [Worker-3: Loading available Gradle versions] INFO  o.e.b.c.i.u.g.PublishedGradleVersions - Gradle version information cache is up-to-date. Trying to read.
2023-02-10 09:04:48,708 [Worker-2: Loading available Gradle versions] INFO  o.e.b.c.i.u.g.PublishedGradleVersions - Gradle version information cache is up-to-date. Trying to read.
2023-02-10 12:02:54,578 [Worker-56: Updating Maven Project] INFO  o.e.m.c.i.p.ProjectConfigurationManager - Update started
2023-02-10 12:02:54,669 [Worker-56: Updating Maven Project] INFO  o.e.m.c.i.p.ProjectConfigurationManager - Update completed: 0 sec
2023-02-10 12:03:05,303 [Worker-45: Updating Maven Project] INFO  o.e.m.c.i.p.ProjectConfigurationManager - Update started
2023-02-10 12:03:05,331 [Worker-45: Updating Maven Project] INFO  o.e.m.c.i.p.ProjectConfigurationManager - Update completed: 0 sec
2023-02-13 09:13:10,634 [Worker-2: Loading available Gradle versions] INFO  o.e.b.c.i.u.g.PublishedGradleVersions - Gradle version information cache is out-of-date. Trying to update.
2023-02-14 13:41:08,207 [Worker-5: Loading available Gradle versions] INFO  o.e.b.c.i.u.g.PublishedGradleVersions - Gradle version information cache is out-of-date. Trying to update.
2023-02-22 13:09:21,905 [Worker-0: Loading available Gradle versions] INFO  o.e.b.c.i.u.g.PublishedGradleVersions - Gradle version information cache is out-of-date. Trying to update.
2023-02-23 13:12:02,869 [Worker-5: Loading available Gradle versions] INFO  o.e.b.c.i.u.g.PublishedGradleVersions - Gradle version information cache is out-of-date. Trying to update.
2023-02-23 13:13:33,403 [Worker-21: reload maven project] WARN  o.e.m.c.i.embedder.EclipseLogger - The POM for commons-codec:commons-codec:jar:1.15-SNAPSHOT is missing, no dependency information available
2023-02-23 13:13:35,280 [Worker-21: reload maven project] WARN  o.e.m.c.i.embedder.EclipseLogger - The POM for commons-codec:commons-codec:jar:1.15-SNAPSHOT is missing, no dependency information available
2023-02-23 13:13:45,225 [Worker-16: reload maven project] WARN  o.e.m.c.i.embedder.EclipseLogger - The POM for commons-codec:commons-codec:jar:1.15-SNAPSHOT is missing, no dependency information available
2023-02-23 13:13:45,709 [Worker-16: reload maven project] WARN  o.e.m.c.i.embedder.EclipseLogger - The POM for commons-codec:commons-codec:jar:1.15-SNAPSHOT is missing, no dependency information available
2023-02-23 13:14:34,403 [Worker-3: reload maven project] WARN  o.e.m.c.i.embedder.EclipseLogger - The POM for commons-codec:commons-codec:jar:1.15-SNAPSHOT is missing, no dependency information available
2023-02-23 13:14:35,105 [Worker-3: reload maven project] WARN  o.e.m.c.i.embedder.EclipseLogger - The POM for commons-codec:commons-codec:jar:1.15-SNAPSHOT is missing, no dependency information available
2023-02-23 13:14:37,055 [main] INFO  o.e.m2e.actions.ExecutePomAction - Using existing launch configuration
2023-02-23 13:14:37,178 [Worker-29: Launching Project] INFO  o.e.m.i.launch.MavenLaunchDelegate - C:\Users\Cenzo Oh\JavaSparkCourse\Practicals\Starting Workspace\Project\Project
2023-02-23 13:14:37,178 [Worker-29: Launching Project] INFO  o.e.m.i.launch.MavenLaunchDelegate -  mvn -B eclipse:eclipse
2023-02-23 13:27:07,894 [Worker-30: Launching Project] INFO  o.e.m.i.launch.MavenLaunchDelegate - C:\Users\Cenzo Oh\JavaSparkCourse\Practicals\Starting Workspace\Project\Project
2023-02-23 13:27:07,895 [Worker-30: Launching Project] INFO  o.e.m.i.launch.MavenLaunchDelegate -  mvn -B eclipse:eclipse
2023-02-23 13:28:51,072 [Worker-1: Loading available Gradle versions] INFO  o.e.b.c.i.u.g.PublishedGradleVersions - Gradle version information cache is up-to-date. Trying to read.
2023-02-23 13:29:39,687 [Worker-15: reload maven project] WARN  o.e.m.c.i.embedder.EclipseLogger - The POM for commons-codec:commons-codec:jar:1.15-SNAPSHOT is missing, no dependency information available
2023-02-23 13:29:40,607 [Worker-15: reload maven project] WARN  o.e.m.c.i.embedder.EclipseLogger - The POM for commons-codec:commons-codec:jar:1.15-SNAPSHOT is missing, no dependency information available
2023-02-23 13:30:17,762 [Worker-10: Launching Executing clean in C__Users_Cenzo Oh_JavaSparkCourse_Practicals_Starting Workspace_Project_Project] INFO  o.e.m.i.launch.MavenLaunchDelegate - C:\Users\Cenzo Oh\JavaSparkCourse\Practicals\Starting Workspace\Project\Project
2023-02-23 13:30:17,762 [Worker-10: Launching Executing clean in C__Users_Cenzo Oh_JavaSparkCourse_Practicals_Starting Workspace_Project_Project] INFO  o.e.m.i.launch.MavenLaunchDelegate -  mvn -B clean
2023-02-23 13:30:36,739 [Worker-29: Launching Project] INFO  o.e.m.i.launch.MavenLaunchDelegate - C:\Users\Cenzo Oh\JavaSparkCourse\Practicals\Starting Workspace\Project\Project
2023-02-23 13:30:36,739 [Worker-29: Launching Project] INFO  o.e.m.i.launch.MavenLaunchDelegate -  mvn -B eclipse:eclipse
2023-02-23 13:37:42,088 [main] INFO  o.e.m2e.actions.ExecutePomAction - Using existing launch configuration
2023-02-23 13:37:42,181 [Worker-18: Launching Project] INFO  o.e.m.i.launch.MavenLaunchDelegate - C:\Users\Cenzo Oh\JavaSparkCourse\Practicals\Starting Workspace\Project\Project
2023-02-23 13:37:42,181 [Worker-18: Launching Project] INFO  o.e.m.i.launch.MavenLaunchDelegate -  mvn -B eclipse:eclipse
2023-02-23 13:40:39,652 [Worker-1: Updating Maven Project] INFO  o.e.m.c.i.p.ProjectConfigurationManager - Update started
2023-02-23 13:40:39,685 [Worker-1: Updating Maven Project] INFO  o.e.m.c.i.p.ProjectConfigurationManager - Update completed: 0 sec
2023-02-23 13:41:02,289 [Worker-37: Launching Executing clean in C__Users_Cenzo Oh_JavaSparkCourse_Practicals_Starting Workspace_Project_Project] INFO  o.e.m.i.launch.MavenLaunchDelegate - C:\Users\Cenzo Oh\JavaSparkCourse\Practicals\Starting Workspace\Project\Project
2023-02-23 13:41:02,290 [Worker-37: Launching Executing clean in C__Users_Cenzo Oh_JavaSparkCourse_Practicals_Starting Workspace_Project_Project] INFO  o.e.m.i.launch.MavenLaunchDelegate -  mvn -B clean
2023-02-23 13:41:06,946 [main] INFO  o.e.m2e.actions.ExecutePomAction - Using existing launch configuration
2023-02-23 13:41:07,038 [Worker-1: Launching Project] INFO  o.e.m.i.launch.MavenLaunchDelegate - C:\Users\Cenzo Oh\JavaSparkCourse\Practicals\Starting Workspace\Project\Project
2023-02-23 13:41:07,038 [Worker-1: Launching Project] INFO  o.e.m.i.launch.MavenLaunchDelegate -  mvn -B eclipse:eclipse
2023-02-23 13:41:13,366 [Worker-8: Launching Executing clean in C__Users_Cenzo Oh_JavaSparkCourse_Practicals_Starting Workspace_Project_Project] INFO  o.e.m.i.launch.MavenLaunchDelegate - C:\Users\Cenzo Oh\JavaSparkCourse\Practicals\Starting Workspace\Project\Project
2023-02-23 13:41:13,366 [Worker-8: Launching Executing clean in C__Users_Cenzo Oh_JavaSparkCourse_Practicals_Starting Workspace_Project_Project] INFO  o.e.m.i.launch.MavenLaunchDelegate -  mvn -B clean
2023-02-24 09:06:05,967 [Worker-4: Loading available Gradle versions] INFO  o.e.b.c.i.u.g.PublishedGradleVersions - Gradle version information cache is up-to-date. Trying to read.
2023-02-27 09:00:52,087 [Worker-4: Loading available Gradle versions] INFO  o.e.b.c.i.u.g.PublishedGradleVersions - Gradle version information cache is out-of-date. Trying to update.
2023-02-28 12:58:13,086 [Worker-5: Loading available Gradle versions] INFO  o.e.b.c.i.u.g.PublishedGradleVersions - Gradle version information cache is out-of-date. Trying to update.
2023-03-01 08:55:12,669 [Worker-3: Loading available Gradle versions] INFO  o.e.b.c.i.u.g.PublishedGradleVersions - Gradle version information cache is up-to-date. Trying to read.
2023-03-02 13:52:44,728 [Worker-4: Loading available Gradle versions] INFO  o.e.b.c.i.u.g.PublishedGradleVersions - Gradle version information cache is out-of-date. Trying to update.
2023-03-03 08:37:37,277 [Worker-1: Loading available Gradle versions] INFO  o.e.b.c.i.u.g.PublishedGradleVersions - Gradle version information cache is up-to-date. Trying to read.
2023-03-03 11:05:06,743 [Worker-52: reload maven project] WARN  o.e.m.c.i.embedder.EclipseLogger - The POM for commons-codec:commons-codec:jar:1.15-SNAPSHOT is missing, no dependency information available
2023-03-03 11:05:08,773 [Worker-52: reload maven project] WARN  o.e.m.c.i.embedder.EclipseLogger - The POM for commons-codec:commons-codec:jar:1.15-SNAPSHOT is missing, no dependency information available
2023-03-03 11:05:21,146 [Worker-38: reload maven project] WARN  o.e.m.c.i.embedder.EclipseLogger - The POM for commons-codec:commons-codec:jar:1.15-SNAPSHOT is missing, no dependency information available
2023-03-03 11:05:21,774 [Worker-38: reload maven project] INFO  o.e.m.c.i.e.AbstractTransferListenerAdapter - Downloading https://repo.maven.apache.org/maven2/org/apache/spark/spark-streaming_2.11/2.3.2/spark-streaming_2.11-2.3.2.pom
2023-03-03 11:05:21,841 [Worker-38: reload maven project] INFO  o.e.m.c.i.e.AbstractTransferListenerAdapter - Downloaded https://repo.maven.apache.org/maven2/org/apache/spark/spark-streaming_2.11/2.3.2/spark-streaming_2.11-2.3.2.pom
2023-03-03 11:05:22,028 [Worker-38: reload maven project] INFO  o.e.m.c.i.e.AbstractTransferListenerAdapter - Downloading https://repo.maven.apache.org/maven2/org/apache/spark/spark-streaming_2.11/2.3.2/spark-streaming_2.11-2.3.2.jar
2023-03-03 11:05:22,297 [Worker-38: reload maven project] INFO  o.e.m.c.i.e.AbstractTransferListenerAdapter - Downloaded https://repo.maven.apache.org/maven2/org/apache/spark/spark-streaming_2.11/2.3.2/spark-streaming_2.11-2.3.2.jar
2023-03-03 11:05:22,566 [Worker-38: reload maven project] WARN  o.e.m.c.i.embedder.EclipseLogger - The POM for commons-codec:commons-codec:jar:1.15-SNAPSHOT is missing, no dependency information available
2023-03-03 11:05:33,525 [Worker-38: reload maven project] WARN  o.e.m.c.i.embedder.EclipseLogger - The POM for commons-codec:commons-codec:jar:1.15-SNAPSHOT is missing, no dependency information available
2023-03-03 11:05:33,974 [Worker-38: reload maven project] WARN  o.e.m.c.i.embedder.EclipseLogger - The POM for commons-codec:commons-codec:jar:1.15-SNAPSHOT is missing, no dependency information available
2023-03-03 11:05:45,606 [main] INFO  o.e.m2e.actions.ExecutePomAction - Using existing launch configuration
2023-03-03 11:05:45,734 [Worker-52: Launching Project] INFO  o.e.m.i.launch.MavenLaunchDelegate - C:\Users\Cenzo Oh\JavaSparkCourse\Practicals\Starting Workspace\Project\Project
2023-03-03 11:05:45,735 [Worker-52: Launching Project] INFO  o.e.m.i.launch.MavenLaunchDelegate -  mvn -B eclipse:eclipse
2023-03-03 11:06:29,834 [main] INFO  o.e.m2e.actions.ExecutePomAction - Creating new launch configuration
2023-03-03 11:06:41,259 [Worker-49: Launching Project (1)] INFO  o.e.m.i.launch.MavenLaunchDelegate - C:\Users\Cenzo Oh\JavaSparkCourse\Practicals\Starting Workspace\Project\Project
2023-03-03 11:06:41,259 [Worker-49: Launching Project (1)] INFO  o.e.m.i.launch.MavenLaunchDelegate -  mvn -B eclipse:clean eclipse:eclipse
2023-03-03 11:08:13,742 [main] INFO  o.e.m2e.actions.ExecutePomAction - Creating new launch configuration
2023-03-03 11:08:17,825 [Worker-52: Launching Project (2)] INFO  o.e.m.i.launch.MavenLaunchDelegate - C:\Users\Cenzo Oh\JavaSparkCourse\Practicals\Starting Workspace\Project\Project
2023-03-03 11:08:17,825 [Worker-52: Launching Project (2)] INFO  o.e.m.i.launch.MavenLaunchDelegate -  mvn -B eclipse:eclipse
2023-03-03 11:08:33,421 [Worker-49: reload maven project] WARN  o.e.m.c.i.embedder.EclipseLogger - The POM for commons-codec:commons-codec:jar:1.15-SNAPSHOT is missing, no dependency information available
2023-03-03 11:08:33,862 [Worker-49: reload maven project] WARN  o.e.m.c.i.embedder.EclipseLogger - The POM for commons-codec:commons-codec:jar:1.15-SNAPSHOT is missing, no dependency information available
2023-03-03 11:08:35,854 [main] INFO  o.e.m2e.actions.ExecutePomAction - Creating new launch configuration
2023-03-03 11:08:41,552 [Worker-50: Launching Project (3)] INFO  o.e.m.i.launch.MavenLaunchDelegate - C:\Users\Cenzo Oh\JavaSparkCourse\Practicals\Starting Workspace\Project\Project
2023-03-03 11:08:41,552 [Worker-50: Launching Project (3)] INFO  o.e.m.i.launch.MavenLaunchDelegate -  mvn -B eclipse:eclipse eclipse:clean
2023-03-03 11:09:07,969 [Worker-7: Loading available Gradle versions] INFO  o.e.b.c.i.u.g.PublishedGradleVersions - Gradle version information cache is up-to-date. Trying to read.
2023-03-03 11:09:08,946 [Worker-3: reload maven project] WARN  o.e.m.c.i.embedder.EclipseLogger - The POM for commons-codec:commons-codec:jar:1.15-SNAPSHOT is missing, no dependency information available
2023-03-03 11:09:09,728 [Worker-3: reload maven project] WARN  o.e.m.c.i.embedder.EclipseLogger - The POM for commons-codec:commons-codec:jar:1.15-SNAPSHOT is missing, no dependency information available
2023-03-03 11:09:26,756 [main] INFO  o.e.m2e.actions.ExecutePomAction - Creating new launch configuration
2023-03-03 11:09:35,571 [Worker-7: Launching Project (4)] INFO  o.e.m.i.launch.MavenLaunchDelegate - C:\Users\Cenzo Oh\JavaSparkCourse\Practicals\Starting Workspace\Project\Project
2023-03-03 11:09:35,571 [Worker-7: Launching Project (4)] INFO  o.e.m.i.launch.MavenLaunchDelegate -  mvn -B eclipse:clean eclipse:eclipse
2023-03-03 11:09:52,722 [Worker-18: reload maven project] WARN  o.e.m.c.i.embedder.EclipseLogger - The POM for commons-codec:commons-codec:jar:1.15-SNAPSHOT is missing, no dependency information available
2023-03-03 11:09:53,185 [Worker-18: reload maven project] WARN  o.e.m.c.i.embedder.EclipseLogger - The POM for commons-codec:commons-codec:jar:1.15-SNAPSHOT is missing, no dependency information available
2023-03-03 11:10:05,236 [main] INFO  o.e.m2e.actions.ExecutePomAction - Creating new launch configuration
2023-03-03 11:10:18,969 [Worker-11: Launching Project (5)] INFO  o.e.m.i.launch.MavenLaunchDelegate - C:\Users\Cenzo Oh\JavaSparkCourse\Practicals\Starting Workspace\Project\Project
2023-03-03 11:10:18,969 [Worker-11: Launching Project (5)] INFO  o.e.m.i.launch.MavenLaunchDelegate -  mvn -B eclipse:clean eclipse:eclipse
2023-03-03 11:12:27,799 [main] INFO  o.e.m2e.actions.ExecutePomAction - Creating new launch configuration
2023-03-03 11:12:36,331 [Worker-30: Launching Project (6)] INFO  o.e.m.i.launch.MavenLaunchDelegate - C:\Users\Cenzo Oh\JavaSparkCourse\Practicals\Starting Workspace\Project\Project
2023-03-03 11:12:36,331 [Worker-30: Launching Project (6)] INFO  o.e.m.i.launch.MavenLaunchDelegate -  mvn -B eclipse:clean eclipse:eclipse
2023-03-03 11:12:36,544 [Worker-0: reload maven project] WARN  o.e.m.c.i.embedder.EclipseLogger - The POM for commons-codec:commons-codec:jar:1.15-SNAPSHOT is missing, no dependency information available
2023-03-03 11:12:37,129 [Worker-0: reload maven project] WARN  o.e.m.c.i.embedder.EclipseLogger - The POM for commons-codec:commons-codec:jar:1.15-SNAPSHOT is missing, no dependency information available
2023-03-03 11:12:53,834 [Worker-33: reload maven project] WARN  o.e.m.c.i.embedder.EclipseLogger - The POM for commons-codec:commons-codec:jar:1.15-SNAPSHOT is missing, no dependency information available
2023-03-03 11:12:54,273 [Worker-33: reload maven project] WARN  o.e.m.c.i.embedder.EclipseLogger - The POM for commons-codec:commons-codec:jar:1.15-SNAPSHOT is missing, no dependency information available
2023-03-03 11:12:59,682 [Worker-33: Launching Executing clean in C__Users_Cenzo Oh_JavaSparkCourse_Practicals_Starting Workspace_Project_Project] INFO  o.e.m.i.launch.MavenLaunchDelegate - C:\Users\Cenzo Oh\JavaSparkCourse\Practicals\Starting Workspace\Project\Project
2023-03-03 11:12:59,682 [Worker-33: Launching Executing clean in C__Users_Cenzo Oh_JavaSparkCourse_Practicals_Starting Workspace_Project_Project] INFO  o.e.m.i.launch.MavenLaunchDelegate -  mvn -B clean
2023-03-03 11:13:04,664 [main] INFO  o.e.m2e.actions.ExecutePomAction - Creating new launch configuration
2023-03-03 11:13:11,388 [Worker-20: Launching Project (7)] INFO  o.e.m.i.launch.MavenLaunchDelegate - C:\Users\Cenzo Oh\JavaSparkCourse\Practicals\Starting Workspace\Project\Project
2023-03-03 11:13:11,388 [Worker-20: Launching Project (7)] INFO  o.e.m.i.launch.MavenLaunchDelegate -  mvn -B eclipse:clean eclipse:eclipse
2023-03-03 11:14:59,936 [main] INFO  o.e.m2e.actions.ExecutePomAction - Creating new launch configuration
2023-03-03 11:15:07,793 [Worker-0: Launching Project (8)] INFO  o.e.m.i.launch.MavenLaunchDelegate - C:\Users\Cenzo Oh\JavaSparkCourse\Practicals\Starting Workspace\Project\Project
2023-03-03 11:15:07,793 [Worker-0: Launching Project (8)] INFO  o.e.m.i.launch.MavenLaunchDelegate -  mvn -B eclipse:clean eclipse:eclipse
2023-03-03 11:16:22,704 [ModalContext] ERROR o.e.m.c.u.i.wizards.MavenPomWizard - Unable to create POM C:\Users\Cenzo Oh\JavaSparkCourse\Practicals\Starting Workspace\Project\Project\pom.xml; Can't create model C:/Users/Cenzo Oh/JavaSparkCourse/Practicals/Starting Workspace/Project/Project/pom.xml; org.eclipse.core.internal.resources.ResourceException: A resource exists with a different case: '/Project/Pom.xml'.
org.eclipse.core.runtime.CoreException: Can't create model C:/Users/Cenzo Oh/JavaSparkCourse/Practicals/Starting Workspace/Project/Project/pom.xml; org.eclipse.core.internal.resources.ResourceException: A resource exists with a different case: '/Project/Pom.xml'.
	at org.eclipse.m2e.core.embedder.MavenModelManager.createMavenModel(MavenModelManager.java:158) ~[na:na]
	at org.eclipse.m2e.core.ui.internal.wizards.MavenPomWizard.doFinish(MavenPomWizard.java:145) ~[org.eclipse.m2e.core.ui_1.15.0.20200305-1308.jar:na]
	at org.eclipse.m2e.core.ui.internal.wizards.MavenPomWizard.lambda$0(MavenPomWizard.java:94) ~[org.eclipse.m2e.core.ui_1.15.0.20200305-1308.jar:na]
	at org.eclipse.jface.operation.ModalContext$ModalContextThread.run(ModalContext.java:122) ~[org.eclipse.jface_3.19.0.v20200218-1607.jar:na]
Caused by: org.eclipse.core.internal.resources.ResourceException: A resource exists with a different case: '/Project/Pom.xml'.
	at org.eclipse.core.internal.resources.Resource.checkDoesNotExist(Resource.java:318) ~[na:na]
	at org.eclipse.core.internal.resources.Resource.checkDoesNotExist(Resource.java:296) ~[na:na]
	at org.eclipse.core.internal.resources.File.create(File.java:107) ~[na:na]
	at org.eclipse.core.internal.resources.File.create(File.java:179) ~[na:na]
	at org.eclipse.m2e.core.embedder.MavenModelManager.createMavenModel(MavenModelManager.java:151) ~[na:na]
	... 3 common frames omitted
Caused by: java.lang.Exception: A resource exists with a different case: '/Project/Pom.xml'.
	at org.eclipse.core.internal.resources.ResourceException.provideStackTrace(ResourceException.java:42) ~[na:na]
	at org.eclipse.core.internal.resources.ResourceException.<init>(ResourceException.java:38) ~[na:na]
	... 8 common frames omitted
2023-03-03 11:16:22,765 [Worker-33: Enabling Maven Dependency Management] INFO  o.e.m.c.i.p.ProjectConfigurationManager - Update started
2023-03-03 11:16:22,765 [Worker-33: Enabling Maven Dependency Management] INFO  o.e.m.c.i.p.ProjectConfigurationManager - Update completed: 0 sec
2023-03-03 11:16:28,161 [Worker-25: Updating Maven Project] INFO  o.e.m.c.i.p.ProjectConfigurationManager - Update started
2023-03-03 11:16:28,191 [Worker-25: Updating Maven Project] INFO  o.e.m.c.i.p.ProjectConfigurationManager - Update completed: 0 sec
2023-03-03 11:16:47,677 [main] INFO  o.e.m2e.actions.ExecutePomAction - Creating new launch configuration
2023-03-03 11:16:59,909 [Worker-33: Launching Project (9)] INFO  o.e.m.i.launch.MavenLaunchDelegate - C:\Users\Cenzo Oh\JavaSparkCourse\Practicals\Starting Workspace\Project\Project
2023-03-03 11:16:59,910 [Worker-33: Launching Project (9)] INFO  o.e.m.i.launch.MavenLaunchDelegate -  mvn -B -Dmaven.test.skip=true -DskipTests mvn clean install
2023-03-03 11:17:13,472 [main] INFO  o.e.m2e.actions.ExecutePomAction - Creating new launch configuration
2023-03-03 11:17:20,971 [Worker-33: Launching Project (10)] INFO  o.e.m.i.launch.MavenLaunchDelegate - C:\Users\Cenzo Oh\JavaSparkCourse\Practicals\Starting Workspace\Project\Project
2023-03-03 11:17:20,971 [Worker-33: Launching Project (10)] INFO  o.e.m.i.launch.MavenLaunchDelegate -  mvn -B mvn clean install
2023-03-03 11:17:27,134 [main] INFO  o.e.m2e.actions.ExecutePomAction - Creating new launch configuration
2023-03-03 11:17:33,213 [Worker-20: Launching Project (11)] INFO  o.e.m.i.launch.MavenLaunchDelegate - C:\Users\Cenzo Oh\JavaSparkCourse\Practicals\Starting Workspace\Project\Project
2023-03-03 11:17:33,213 [Worker-20: Launching Project (11)] INFO  o.e.m.i.launch.MavenLaunchDelegate -  mvn -B eclipse:clean eclipse:eclipse
2023-03-03 13:20:00,334 [Worker-4: Loading available Gradle versions] INFO  o.e.b.c.i.u.g.PublishedGradleVersions - Gradle version information cache is up-to-date. Trying to read.
2023-03-03 15:23:47,930 [Worker-7: Loading available Gradle versions] INFO  o.e.b.c.i.u.g.PublishedGradleVersions - Gradle version information cache is out-of-date. Trying to update.
2023-03-06 09:11:37,537 [Worker-6: Loading available Gradle versions] INFO  o.e.b.c.i.u.g.PublishedGradleVersions - Gradle version information cache is out-of-date. Trying to update.
